{"C:\\ProjetosNode\\APK\\BackEnd\\src\\controllers\\authController.ts": {"path":"C:\\ProjetosNode\\APK\\BackEnd\\src\\controllers\\authController.ts","statementMap":{"0":{"start":{"line":73,"column":9},"end":{"line":73,"column":21}},"1":{"start":{"line":2,"column":0},"end":{"line":2,"column":36}},"2":{"start":{"line":3,"column":0},"end":{"line":3,"column":51}},"3":{"start":{"line":4,"column":0},"end":{"line":4,"column":37}},"4":{"start":{"line":8,"column":20},"end":{"line":8,"column":28}},"5":{"start":{"line":10,"column":2},"end":{"line":10,"column":59}},"6":{"start":{"line":12,"column":2},"end":{"line":18,"column":3}},"7":{"start":{"line":13,"column":4},"end":{"line":13,"column":76}},"8":{"start":{"line":14,"column":4},"end":{"line":17,"column":7}},"9":{"start":{"line":20,"column":2},"end":{"line":26,"column":3}},"10":{"start":{"line":21,"column":4},"end":{"line":21,"column":106}},"11":{"start":{"line":22,"column":4},"end":{"line":25,"column":7}},"12":{"start":{"line":28,"column":2},"end":{"line":70,"column":3}},"13":{"start":{"line":30,"column":24},"end":{"line":30,"column":73}},"14":{"start":{"line":32,"column":4},"end":{"line":38,"column":5}},"15":{"start":{"line":33,"column":6},"end":{"line":33,"column":73}},"16":{"start":{"line":34,"column":6},"end":{"line":37,"column":9}},"17":{"start":{"line":40,"column":4},"end":{"line":40,"column":125}},"18":{"start":{"line":43,"column":4},"end":{"line":52,"column":6}},"19":{"start":{"line":48,"column":8},"end":{"line":50,"column":9}},"20":{"start":{"line":49,"column":10},"end":{"line":49,"column":105}},"21":{"start":{"line":54,"column":4},"end":{"line":62,"column":7}},"22":{"start":{"line":64,"column":4},"end":{"line":64,"column":84}},"23":{"start":{"line":65,"column":4},"end":{"line":69,"column":7}}},"fnMap":{"0":{"name":"validarSenha","decl":{"start":{"line":7,"column":15},"end":{"line":7,"column":27}},"loc":{"start":{"line":7,"column":55},"end":{"line":71,"column":1}}},"1":{"name":"(anonymous_11)","decl":{"start":{"line":47,"column":6},"end":{"line":47,"column":7}},"loc":{"start":{"line":47,"column":28},"end":{"line":51,"column":7}}}},"branchMap":{"0":{"loc":{"start":{"line":12,"column":2},"end":{"line":18,"column":3}},"type":"if","locations":[{"start":{"line":12,"column":2},"end":{"line":18,"column":3}}]},"1":{"loc":{"start":{"line":20,"column":2},"end":{"line":26,"column":3}},"type":"if","locations":[{"start":{"line":20,"column":2},"end":{"line":26,"column":3}}]},"2":{"loc":{"start":{"line":32,"column":4},"end":{"line":38,"column":5}},"type":"if","locations":[{"start":{"line":32,"column":4},"end":{"line":38,"column":5}}]},"3":{"loc":{"start":{"line":48,"column":8},"end":{"line":50,"column":9}},"type":"if","locations":[{"start":{"line":48,"column":8},"end":{"line":50,"column":9}}]}},"s":{"0":0,"1":0,"2":0,"3":0,"4":0,"5":0,"6":0,"7":0,"8":0,"9":0,"10":0,"11":0,"12":0,"13":0,"14":0,"15":0,"16":0,"17":0,"18":0,"19":0,"20":0,"21":0,"22":0,"23":0},"f":{"0":0,"1":0},"b":{"0":[0],"1":[0],"2":[0],"3":[0]}}
,"C:\\ProjetosNode\\APK\\BackEnd\\src\\controllers\\pontoController.ts": {"path":"C:\\ProjetosNode\\APK\\BackEnd\\src\\controllers\\pontoController.ts","statementMap":{"0":{"start":{"line":392,"column":2},"end":{"line":392,"column":20}},"1":{"start":{"line":393,"column":2},"end":{"line":393,"column":16}},"2":{"start":{"line":394,"column":2},"end":{"line":394,"column":16}},"3":{"start":{"line":395,"column":2},"end":{"line":395,"column":18}},"4":{"start":{"line":3,"column":0},"end":{"line":3,"column":51}},"5":{"start":{"line":4,"column":0},"end":{"line":4,"column":37}},"6":{"start":{"line":8,"column":2},"end":{"line":13,"column":3}},"7":{"start":{"line":9,"column":4},"end":{"line":9,"column":98}},"8":{"start":{"line":11,"column":4},"end":{"line":11,"column":64}},"9":{"start":{"line":12,"column":4},"end":{"line":12,"column":15}},"10":{"start":{"line":23,"column":2},"end":{"line":149,"column":5}},"11":{"start":{"line":24,"column":4},"end":{"line":148,"column":5}},"12":{"start":{"line":26,"column":26},"end":{"line":26,"column":84}},"13":{"start":{"line":28,"column":6},"end":{"line":31,"column":7}},"14":{"start":{"line":29,"column":8},"end":{"line":29,"column":48}},"15":{"start":{"line":30,"column":8},"end":{"line":30,"column":15}},"16":{"start":{"line":33,"column":36},"end":{"line":33,"column":74}},"17":{"start":{"line":34,"column":19},"end":{"line":34,"column":20}},"18":{"start":{"line":35,"column":36},"end":{"line":35,"column":40}},"19":{"start":{"line":38,"column":6},"end":{"line":142,"column":7}},"20":{"start":{"line":39,"column":25},"end":{"line":39,"column":56}},"21":{"start":{"line":40,"column":30},"end":{"line":40,"column":32}},"22":{"start":{"line":42,"column":8},"end":{"line":51,"column":9}},"23":{"start":{"line":44,"column":10},"end":{"line":44,"column":55}},"24":{"start":{"line":45,"column":15},"end":{"line":51,"column":9}},"25":{"start":{"line":47,"column":10},"end":{"line":47,"column":54}},"26":{"start":{"line":50,"column":10},"end":{"line":50,"column":61}},"27":{"start":{"line":53,"column":8},"end":{"line":61,"column":9}},"28":{"start":{"line":54,"column":43},"end":{"line":54,"column":84}},"29":{"start":{"line":55,"column":10},"end":{"line":55,"column":68}},"30":{"start":{"line":58,"column":10},"end":{"line":60,"column":11}},"31":{"start":{"line":59,"column":12},"end":{"line":59,"column":71}},"32":{"start":{"line":65,"column":11},"end":{"line":142,"column":7}},"33":{"start":{"line":66,"column":8},"end":{"line":136,"column":9}},"34":{"start":{"line":68,"column":34},"end":{"line":68,"column":115}},"35":{"start":{"line":70,"column":10},"end":{"line":70,"column":134}},"36":{"start":{"line":73,"column":32},"end":{"line":73,"column":87}},"37":{"start":{"line":73,"column":65},"end":{"line":73,"column":86}},"38":{"start":{"line":75,"column":10},"end":{"line":75,"column":109}},"39":{"start":{"line":76,"column":10},"end":{"line":78,"column":11}},"40":{"start":{"line":77,"column":12},"end":{"line":77,"column":85}},"41":{"start":{"line":80,"column":10},"end":{"line":133,"column":11}},"42":{"start":{"line":81,"column":29},"end":{"line":81,"column":60}},"43":{"start":{"line":82,"column":34},"end":{"line":82,"column":36}},"44":{"start":{"line":83,"column":41},"end":{"line":83,"column":43}},"45":{"start":{"line":85,"column":12},"end":{"line":94,"column":13}},"46":{"start":{"line":86,"column":14},"end":{"line":86,"column":58}},"47":{"start":{"line":87,"column":14},"end":{"line":87,"column":67}},"48":{"start":{"line":88,"column":19},"end":{"line":94,"column":13}},"49":{"start":{"line":89,"column":14},"end":{"line":89,"column":57}},"50":{"start":{"line":90,"column":14},"end":{"line":90,"column":66}},"51":{"start":{"line":92,"column":14},"end":{"line":92,"column":64}},"52":{"start":{"line":93,"column":14},"end":{"line":93,"column":73}},"53":{"start":{"line":96,"column":12},"end":{"line":96,"column":123}},"54":{"start":{"line":98,"column":12},"end":{"line":130,"column":13}},"55":{"start":{"line":99,"column":41},"end":{"line":99,"column":85}},"56":{"start":{"line":100,"column":47},"end":{"line":100,"column":88}},"57":{"start":{"line":101,"column":54},"end":{"line":101,"column":102}},"58":{"start":{"line":104,"column":43},"end":{"line":104,"column":101}},"59":{"start":{"line":107,"column":36},"end":{"line":107,"column":78}},"60":{"start":{"line":112,"column":14},"end":{"line":112,"column":60}},"61":{"start":{"line":114,"column":14},"end":{"line":114,"column":142}},"62":{"start":{"line":115,"column":14},"end":{"line":115,"column":134}},"63":{"start":{"line":116,"column":14},"end":{"line":116,"column":121}},"64":{"start":{"line":119,"column":14},"end":{"line":127,"column":15}},"65":{"start":{"line":120,"column":16},"end":{"line":120,"column":70}},"66":{"start":{"line":121,"column":16},"end":{"line":121,"column":84}},"67":{"start":{"line":122,"column":21},"end":{"line":127,"column":15}},"68":{"start":{"line":123,"column":16},"end":{"line":123,"column":83}},"69":{"start":{"line":124,"column":16},"end":{"line":124,"column":82}},"70":{"start":{"line":126,"column":16},"end":{"line":126,"column":93}},"71":{"start":{"line":129,"column":14},"end":{"line":129,"column":79}},"72":{"start":{"line":132,"column":12},"end":{"line":132,"column":96}},"73":{"start":{"line":135,"column":10},"end":{"line":135,"column":76}},"74":{"start":{"line":140,"column":11},"end":{"line":142,"column":7}},"75":{"start":{"line":144,"column":6},"end":{"line":144,"column":58}},"76":{"start":{"line":146,"column":6},"end":{"line":146,"column":54}},"77":{"start":{"line":147,"column":6},"end":{"line":147,"column":46}},"78":{"start":{"line":154,"column":27},"end":{"line":154,"column":54}},"79":{"start":{"line":155,"column":2},"end":{"line":155,"column":30}},"80":{"start":{"line":160,"column":2},"end":{"line":200,"column":3}},"81":{"start":{"line":161,"column":22},"end":{"line":161,"column":103}},"82":{"start":{"line":163,"column":4},"end":{"line":163,"column":143}},"83":{"start":{"line":166,"column":4},"end":{"line":169,"column":5}},"84":{"start":{"line":167,"column":6},"end":{"line":167,"column":116}},"85":{"start":{"line":168,"column":6},"end":{"line":168,"column":15}},"86":{"start":{"line":171,"column":21},"end":{"line":171,"column":52}},"87":{"start":{"line":172,"column":27},"end":{"line":172,"column":58}},"88":{"start":{"line":173,"column":23},"end":{"line":173,"column":51}},"89":{"start":{"line":176,"column":4},"end":{"line":184,"column":5}},"90":{"start":{"line":177,"column":57},"end":{"line":180,"column":8}},"91":{"start":{"line":181,"column":26},"end":{"line":181,"column":58}},"92":{"start":{"line":182,"column":6},"end":{"line":182,"column":116}},"93":{"start":{"line":183,"column":6},"end":{"line":183,"column":25}},"94":{"start":{"line":187,"column":49},"end":{"line":192,"column":6}},"95":{"start":{"line":194,"column":24},"end":{"line":194,"column":50}},"96":{"start":{"line":195,"column":4},"end":{"line":195,"column":105}},"97":{"start":{"line":196,"column":4},"end":{"line":196,"column":23}},"98":{"start":{"line":198,"column":4},"end":{"line":198,"column":68}},"99":{"start":{"line":199,"column":4},"end":{"line":199,"column":15}},"100":{"start":{"line":205,"column":2},"end":{"line":220,"column":3}},"101":{"start":{"line":206,"column":4},"end":{"line":206,"column":46}},"102":{"start":{"line":207,"column":18},"end":{"line":207,"column":55}},"103":{"start":{"line":208,"column":4},"end":{"line":208,"column":88}},"104":{"start":{"line":209,"column":4},"end":{"line":212,"column":7}},"105":{"start":{"line":214,"column":4},"end":{"line":214,"column":76}},"106":{"start":{"line":215,"column":4},"end":{"line":219,"column":7}},"107":{"start":{"line":225,"column":33},"end":{"line":225,"column":41}},"108":{"start":{"line":227,"column":2},"end":{"line":232,"column":3}},"109":{"start":{"line":228,"column":4},"end":{"line":231,"column":7}},"110":{"start":{"line":234,"column":2},"end":{"line":302,"column":3}},"111":{"start":{"line":236,"column":18},"end":{"line":236,"column":28}},"112":{"start":{"line":237,"column":25},"end":{"line":237,"column":58}},"113":{"start":{"line":238,"column":25},"end":{"line":238,"column":57}},"114":{"start":{"line":242,"column":32},"end":{"line":242,"column":97}},"115":{"start":{"line":243,"column":4},"end":{"line":249,"column":5}},"116":{"start":{"line":244,"column":6},"end":{"line":248,"column":9}},"117":{"start":{"line":252,"column":25},"end":{"line":252,"column":91}},"118":{"start":{"line":253,"column":4},"end":{"line":253,"column":88}},"119":{"start":{"line":255,"column":4},"end":{"line":255,"column":147}},"120":{"start":{"line":258,"column":65},"end":{"line":262,"column":null}},"121":{"start":{"line":266,"column":4},"end":{"line":294,"column":5}},"122":{"start":{"line":267,"column":24},"end":{"line":273,"column":8}},"123":{"start":{"line":275,"column":6},"end":{"line":275,"column":109}},"124":{"start":{"line":276,"column":6},"end":{"line":276,"column":77}},"125":{"start":{"line":277,"column":6},"end":{"line":277,"column":71}},"126":{"start":{"line":279,"column":6},"end":{"line":285,"column":9}},"127":{"start":{"line":287,"column":6},"end":{"line":287,"column":90}},"128":{"start":{"line":289,"column":6},"end":{"line":293,"column":9}},"129":{"start":{"line":296,"column":4},"end":{"line":296,"column":65}},"130":{"start":{"line":297,"column":4},"end":{"line":301,"column":7}},"131":{"start":{"line":307,"column":33},"end":{"line":307,"column":43}},"132":{"start":{"line":308,"column":19},"end":{"line":308,"column":28}},"133":{"start":{"line":310,"column":2},"end":{"line":315,"column":3}},"134":{"start":{"line":311,"column":4},"end":{"line":314,"column":7}},"135":{"start":{"line":317,"column":2},"end":{"line":359,"column":3}},"136":{"start":{"line":318,"column":26},"end":{"line":318,"column":83}},"137":{"start":{"line":319,"column":22},"end":{"line":319,"column":103}},"138":{"start":{"line":322,"column":27},"end":{"line":322,"column":78}},"139":{"start":{"line":322,"column":61},"end":{"line":322,"column":76}},"140":{"start":{"line":323,"column":21},"end":{"line":323,"column":52}},"141":{"start":{"line":327,"column":24},"end":{"line":329,"column":104}},"142":{"start":{"line":331,"column":4},"end":{"line":338,"column":5}},"143":{"start":{"line":332,"column":6},"end":{"line":337,"column":9}},"144":{"start":{"line":340,"column":24},"end":{"line":340,"column":90}},"145":{"start":{"line":342,"column":4},"end":{"line":352,"column":7}},"146":{"start":{"line":354,"column":4},"end":{"line":358,"column":7}},"147":{"start":{"line":364,"column":33},"end":{"line":364,"column":43}},"148":{"start":{"line":365,"column":19},"end":{"line":365,"column":28}},"149":{"start":{"line":367,"column":2},"end":{"line":372,"column":3}},"150":{"start":{"line":368,"column":4},"end":{"line":371,"column":7}},"151":{"start":{"line":374,"column":2},"end":{"line":388,"column":3}},"152":{"start":{"line":375,"column":26},"end":{"line":375,"column":83}},"153":{"start":{"line":376,"column":22},"end":{"line":376,"column":103}},"154":{"start":{"line":378,"column":4},"end":{"line":381,"column":7}},"155":{"start":{"line":383,"column":4},"end":{"line":387,"column":7}}},"fnMap":{"0":{"name":"verificarDuplicataRecente","decl":{"start":{"line":7,"column":15},"end":{"line":7,"column":40}},"loc":{"start":{"line":7,"column":89},"end":{"line":14,"column":1}}},"1":{"name":"calcularAtraso","decl":{"start":{"line":17,"column":15},"end":{"line":17,"column":29}},"loc":{"start":{"line":21,"column":22},"end":{"line":150,"column":1}}},"2":{"name":"(anonymous_12)","decl":{"start":{"line":23,"column":21},"end":{"line":23,"column":26}},"loc":{"start":{"line":23,"column":47},"end":{"line":149,"column":3}}},"3":{"name":"(anonymous_13)","decl":{"start":{"line":73,"column":53},"end":{"line":73,"column":54}},"loc":{"start":{"line":73,"column":65},"end":{"line":73,"column":86}}},"4":{"name":"converterHoraParaMinutos","decl":{"start":{"line":153,"column":9},"end":{"line":153,"column":33}},"loc":{"start":{"line":153,"column":46},"end":{"line":156,"column":1}}},"5":{"name":"determinarProxTipoMarcacao","decl":{"start":{"line":159,"column":15},"end":{"line":159,"column":41}},"loc":{"start":{"line":159,"column":90},"end":{"line":201,"column":1}}},"6":{"name":"obterTiposMarcacao","decl":{"start":{"line":204,"column":15},"end":{"line":204,"column":33}},"loc":{"start":{"line":204,"column":61},"end":{"line":221,"column":1}}},"7":{"name":"registrarPonto","decl":{"start":{"line":224,"column":15},"end":{"line":224,"column":29}},"loc":{"start":{"line":224,"column":57},"end":{"line":303,"column":1}}},"8":{"name":"obterProximoTipo","decl":{"start":{"line":306,"column":15},"end":{"line":306,"column":31}},"loc":{"start":{"line":306,"column":59},"end":{"line":360,"column":1}}},"9":{"name":"(anonymous_19)","decl":{"start":{"line":322,"column":49},"end":{"line":322,"column":50}},"loc":{"start":{"line":322,"column":61},"end":{"line":322,"column":76}}},"10":{"name":"obterHistorico","decl":{"start":{"line":363,"column":15},"end":{"line":363,"column":29}},"loc":{"start":{"line":363,"column":57},"end":{"line":389,"column":1}}}},"branchMap":{"0":{"loc":{"start":{"line":28,"column":6},"end":{"line":31,"column":7}},"type":"if","locations":[{"start":{"line":28,"column":6},"end":{"line":31,"column":7}}]},"1":{"loc":{"start":{"line":38,"column":6},"end":{"line":142,"column":7}},"type":"if","locations":[{"start":{"line":38,"column":6},"end":{"line":142,"column":7}},{"start":{"line":65,"column":11},"end":{"line":142,"column":7}}]},"2":{"loc":{"start":{"line":42,"column":8},"end":{"line":51,"column":9}},"type":"if","locations":[{"start":{"line":42,"column":8},"end":{"line":51,"column":9}},{"start":{"line":45,"column":15},"end":{"line":51,"column":9}}]},"3":{"loc":{"start":{"line":45,"column":15},"end":{"line":51,"column":9}},"type":"if","locations":[{"start":{"line":45,"column":15},"end":{"line":51,"column":9}},{"start":{"line":48,"column":15},"end":{"line":51,"column":9}}]},"4":{"loc":{"start":{"line":53,"column":8},"end":{"line":61,"column":9}},"type":"if","locations":[{"start":{"line":53,"column":8},"end":{"line":61,"column":9}}]},"5":{"loc":{"start":{"line":58,"column":10},"end":{"line":60,"column":11}},"type":"if","locations":[{"start":{"line":58,"column":10},"end":{"line":60,"column":11}}]},"6":{"loc":{"start":{"line":65,"column":11},"end":{"line":142,"column":7}},"type":"if","locations":[{"start":{"line":65,"column":11},"end":{"line":142,"column":7}},{"start":{"line":140,"column":11},"end":{"line":142,"column":7}}]},"7":{"loc":{"start":{"line":70,"column":102},"end":{"line":70,"column":130}},"type":"binary-expr","locations":[{"start":{"line":70,"column":102},"end":{"line":70,"column":125}},{"start":{"line":70,"column":129},"end":{"line":70,"column":130}}]},"8":{"loc":{"start":{"line":75,"column":76},"end":{"line":75,"column":105}},"type":"cond-expr","locations":[{"start":{"line":75,"column":92},"end":{"line":75,"column":97}},{"start":{"line":75,"column":100},"end":{"line":75,"column":105}}]},"9":{"loc":{"start":{"line":76,"column":10},"end":{"line":78,"column":11}},"type":"if","locations":[{"start":{"line":76,"column":10},"end":{"line":78,"column":11}}]},"10":{"loc":{"start":{"line":80,"column":10},"end":{"line":133,"column":11}},"type":"if","locations":[{"start":{"line":80,"column":10},"end":{"line":133,"column":11}},{"start":{"line":131,"column":17},"end":{"line":133,"column":11}}]},"11":{"loc":{"start":{"line":85,"column":12},"end":{"line":94,"column":13}},"type":"if","locations":[{"start":{"line":85,"column":12},"end":{"line":94,"column":13}},{"start":{"line":88,"column":19},"end":{"line":94,"column":13}}]},"12":{"loc":{"start":{"line":88,"column":19},"end":{"line":94,"column":13}},"type":"if","locations":[{"start":{"line":88,"column":19},"end":{"line":94,"column":13}},{"start":{"line":91,"column":19},"end":{"line":94,"column":13}}]},"13":{"loc":{"start":{"line":98,"column":12},"end":{"line":130,"column":13}},"type":"if","locations":[{"start":{"line":98,"column":12},"end":{"line":130,"column":13}},{"start":{"line":128,"column":19},"end":{"line":130,"column":13}}]},"14":{"loc":{"start":{"line":98,"column":16},"end":{"line":98,"column":57}},"type":"binary-expr","locations":[{"start":{"line":98,"column":16},"end":{"line":98,"column":31}},{"start":{"line":98,"column":35},"end":{"line":98,"column":57}}]},"15":{"loc":{"start":{"line":119,"column":14},"end":{"line":127,"column":15}},"type":"if","locations":[{"start":{"line":119,"column":14},"end":{"line":127,"column":15}},{"start":{"line":122,"column":21},"end":{"line":127,"column":15}}]},"16":{"loc":{"start":{"line":122,"column":21},"end":{"line":127,"column":15}},"type":"if","locations":[{"start":{"line":122,"column":21},"end":{"line":127,"column":15}},{"start":{"line":125,"column":21},"end":{"line":127,"column":15}}]},"17":{"loc":{"start":{"line":140,"column":11},"end":{"line":142,"column":7}},"type":"if","locations":[{"start":{"line":140,"column":11},"end":{"line":142,"column":7}}]},"18":{"loc":{"start":{"line":163,"column":117},"end":{"line":163,"column":139}},"type":"binary-expr","locations":[{"start":{"line":163,"column":117},"end":{"line":163,"column":134}},{"start":{"line":163,"column":138},"end":{"line":163,"column":139}}]},"19":{"loc":{"start":{"line":166,"column":4},"end":{"line":169,"column":5}},"type":"if","locations":[{"start":{"line":166,"column":4},"end":{"line":169,"column":5}}]},"20":{"loc":{"start":{"line":166,"column":8},"end":{"line":166,"column":44}},"type":"binary-expr","locations":[{"start":{"line":166,"column":8},"end":{"line":166,"column":18}},{"start":{"line":166,"column":22},"end":{"line":166,"column":44}}]},"21":{"loc":{"start":{"line":176,"column":4},"end":{"line":184,"column":5}},"type":"if","locations":[{"start":{"line":176,"column":4},"end":{"line":184,"column":5}}]},"22":{"loc":{"start":{"line":181,"column":26},"end":{"line":181,"column":58}},"type":"binary-expr","locations":[{"start":{"line":181,"column":26},"end":{"line":181,"column":53}},{"start":{"line":181,"column":57},"end":{"line":181,"column":58}}]},"23":{"loc":{"start":{"line":194,"column":24},"end":{"line":194,"column":50}},"type":"binary-expr","locations":[{"start":{"line":194,"column":24},"end":{"line":194,"column":45}},{"start":{"line":194,"column":49},"end":{"line":194,"column":50}}]},"24":{"loc":{"start":{"line":211,"column":13},"end":{"line":211,"column":24}},"type":"binary-expr","locations":[{"start":{"line":211,"column":13},"end":{"line":211,"column":18}},{"start":{"line":211,"column":22},"end":{"line":211,"column":24}}]},"25":{"loc":{"start":{"line":227,"column":2},"end":{"line":232,"column":3}},"type":"if","locations":[{"start":{"line":227,"column":2},"end":{"line":232,"column":3}}]},"26":{"loc":{"start":{"line":243,"column":4},"end":{"line":249,"column":5}},"type":"if","locations":[{"start":{"line":243,"column":4},"end":{"line":249,"column":5}}]},"27":{"loc":{"start":{"line":284,"column":16},"end":{"line":284,"column":92}},"type":"cond-expr","locations":[{"start":{"line":284,"column":33},"end":{"line":284,"column":85}},{"start":{"line":284,"column":88},"end":{"line":284,"column":92}}]},"28":{"loc":{"start":{"line":310,"column":2},"end":{"line":315,"column":3}},"type":"if","locations":[{"start":{"line":310,"column":2},"end":{"line":315,"column":3}}]},"29":{"loc":{"start":{"line":318,"column":26},"end":{"line":318,"column":83}},"type":"binary-expr","locations":[{"start":{"line":318,"column":26},"end":{"line":318,"column":41}},{"start":{"line":318,"column":45},"end":{"line":318,"column":83}}]},"30":{"loc":{"start":{"line":327,"column":24},"end":{"line":329,"column":104}},"type":"cond-expr","locations":[{"start":{"line":328,"column":8},"end":{"line":328,"column":54}},{"start":{"line":329,"column":8},"end":{"line":329,"column":104}}]},"31":{"loc":{"start":{"line":328,"column":8},"end":{"line":328,"column":54}},"type":"binary-expr","locations":[{"start":{"line":328,"column":8},"end":{"line":328,"column":29}},{"start":{"line":328,"column":33},"end":{"line":328,"column":54}}]},"32":{"loc":{"start":{"line":329,"column":8},"end":{"line":329,"column":104}},"type":"binary-expr","locations":[{"start":{"line":329,"column":8},"end":{"line":329,"column":29}},{"start":{"line":329,"column":33},"end":{"line":329,"column":54}},{"start":{"line":329,"column":58},"end":{"line":329,"column":79}},{"start":{"line":329,"column":83},"end":{"line":329,"column":104}}]},"33":{"loc":{"start":{"line":331,"column":4},"end":{"line":338,"column":5}},"type":"if","locations":[{"start":{"line":331,"column":4},"end":{"line":338,"column":5}}]},"34":{"loc":{"start":{"line":346,"column":17},"end":{"line":351,"column":43}},"type":"binary-expr","locations":[{"start":{"line":346,"column":17},"end":{"line":351,"column":20}},{"start":{"line":351,"column":24},"end":{"line":351,"column":43}}]},"35":{"loc":{"start":{"line":367,"column":2},"end":{"line":372,"column":3}},"type":"if","locations":[{"start":{"line":367,"column":2},"end":{"line":372,"column":3}}]},"36":{"loc":{"start":{"line":375,"column":26},"end":{"line":375,"column":83}},"type":"binary-expr","locations":[{"start":{"line":375,"column":26},"end":{"line":375,"column":41}},{"start":{"line":375,"column":45},"end":{"line":375,"column":83}}]},"37":{"loc":{"start":{"line":380,"column":17},"end":{"line":380,"column":32}},"type":"binary-expr","locations":[{"start":{"line":380,"column":17},"end":{"line":380,"column":26}},{"start":{"line":380,"column":30},"end":{"line":380,"column":32}}]}},"s":{"0":1,"1":1,"2":1,"3":1,"4":1,"5":1,"6":1,"7":1,"8":0,"9":0,"10":0,"11":0,"12":0,"13":0,"14":0,"15":0,"16":0,"17":0,"18":0,"19":0,"20":0,"21":0,"22":0,"23":0,"24":0,"25":0,"26":0,"27":0,"28":0,"29":0,"30":0,"31":0,"32":0,"33":0,"34":0,"35":0,"36":0,"37":0,"38":0,"39":0,"40":0,"41":0,"42":0,"43":0,"44":0,"45":0,"46":0,"47":0,"48":0,"49":0,"50":0,"51":0,"52":0,"53":0,"54":0,"55":0,"56":0,"57":0,"58":0,"59":0,"60":0,"61":0,"62":0,"63":0,"64":0,"65":0,"66":0,"67":0,"68":0,"69":0,"70":0,"71":0,"72":0,"73":0,"74":0,"75":0,"76":0,"77":0,"78":0,"79":0,"80":3,"81":3,"82":3,"83":3,"84":1,"85":1,"86":2,"87":2,"88":2,"89":2,"90":0,"91":0,"92":0,"93":0,"94":2,"95":2,"96":2,"97":2,"98":0,"99":0,"100":2,"101":2,"102":2,"103":2,"104":2,"105":0,"106":0,"107":2,"108":2,"109":1,"110":1,"111":1,"112":1,"113":1,"114":1,"115":1,"116":1,"117":0,"118":0,"119":0,"120":0,"121":0,"122":0,"123":0,"124":0,"125":0,"126":0,"127":0,"128":0,"129":0,"130":0,"131":5,"132":5,"133":5,"134":1,"135":4,"136":4,"137":4,"138":4,"139":7,"140":4,"141":4,"142":4,"143":1,"144":3,"145":3,"146":0,"147":2,"148":2,"149":2,"150":1,"151":1,"152":1,"153":1,"154":1,"155":0},"f":{"0":1,"1":0,"2":0,"3":0,"4":0,"5":3,"6":2,"7":2,"8":5,"9":7,"10":2},"b":{"0":[0],"1":[0,0],"2":[0,0],"3":[0,0],"4":[0],"5":[0],"6":[0,0],"7":[0,0],"8":[0,0],"9":[0],"10":[0,0],"11":[0,0],"12":[0,0],"13":[0,0],"14":[0,0],"15":[0,0],"16":[0,0],"17":[0],"18":[3,1],"19":[1],"20":[3,3],"21":[0],"22":[0,0],"23":[2,0],"24":[2,0],"25":[1],"26":[1],"27":[0,0],"28":[1],"29":[4,1],"30":[0,4],"31":[0,0],"32":[4,3,2,1],"33":[1],"34":[3,0],"35":[1],"36":[1,0],"37":[1,0]}}
,"C:\\ProjetosNode\\APK\\BackEnd\\src\\database\\db.ts": {"path":"C:\\ProjetosNode\\APK\\BackEnd\\src\\database\\db.ts","statementMap":{"0":{"start":{"line":75,"column":25},"end":{"line":75,"column":35}},"1":{"start":{"line":1,"column":0},"end":{"line":1,"column":30}},"2":{"start":{"line":2,"column":0},"end":{"line":2,"column":24}},"3":{"start":{"line":8,"column":15},"end":{"line":8,"column":47}},"4":{"start":{"line":10,"column":27},"end":{"line":16,"column":2}},"5":{"start":{"line":11,"column":2},"end":{"line":15,"column":3}},"6":{"start":{"line":12,"column":4},"end":{"line":12,"column":68}},"7":{"start":{"line":14,"column":4},"end":{"line":14,"column":62}},"8":{"start":{"line":75,"column":21},"end":{"line":75,"column":23}},"9":{"start":{"line":20,"column":2},"end":{"line":72,"column":5}},"10":{"start":{"line":22,"column":4},"end":{"line":30,"column":7}},"11":{"start":{"line":33,"column":4},"end":{"line":38,"column":7}},"12":{"start":{"line":41,"column":4},"end":{"line":54,"column":7}},"13":{"start":{"line":57,"column":4},"end":{"line":71,"column":7}},"14":{"start":{"line":68,"column":6},"end":{"line":70,"column":7}},"15":{"start":{"line":69,"column":8},"end":{"line":69,"column":68}}},"fnMap":{"0":{"name":"(anonymous_1)","decl":{"start":{"line":10,"column":56},"end":{"line":10,"column":57}},"loc":{"start":{"line":10,"column":78},"end":{"line":16,"column":1}}},"1":{"name":"initialize","decl":{"start":{"line":19,"column":9},"end":{"line":19,"column":19}},"loc":{"start":{"line":19,"column":19},"end":{"line":73,"column":1}}},"2":{"name":"(anonymous_3)","decl":{"start":{"line":20,"column":21},"end":{"line":20,"column":24}},"loc":{"start":{"line":20,"column":26},"end":{"line":72,"column":3}}},"3":{"name":"(anonymous_4)","decl":{"start":{"line":67,"column":7},"end":{"line":67,"column":8}},"loc":{"start":{"line":67,"column":29},"end":{"line":71,"column":5}}}},"branchMap":{"0":{"loc":{"start":{"line":11,"column":2},"end":{"line":15,"column":3}},"type":"if","locations":[{"start":{"line":11,"column":2},"end":{"line":15,"column":3}},{"start":{"line":13,"column":9},"end":{"line":15,"column":3}}]},"1":{"loc":{"start":{"line":68,"column":6},"end":{"line":70,"column":7}},"type":"if","locations":[{"start":{"line":68,"column":6},"end":{"line":70,"column":7}}]}},"s":{"0":0,"1":0,"2":0,"3":0,"4":0,"5":0,"6":0,"7":0,"8":0,"9":0,"10":0,"11":0,"12":0,"13":0,"14":0,"15":0},"f":{"0":0,"1":0,"2":0,"3":0},"b":{"0":[0,0],"1":[0]}}
,"C:\\ProjetosNode\\APK\\BackEnd\\src\\database\\firebird.ts": {"path":"C:\\ProjetosNode\\APK\\BackEnd\\src\\database\\firebird.ts","statementMap":{"0":{"start":{"line":354,"column":2},"end":{"line":354,"column":20}},"1":{"start":{"line":355,"column":2},"end":{"line":355,"column":15}},"2":{"start":{"line":356,"column":2},"end":{"line":356,"column":23}},"3":{"start":{"line":357,"column":2},"end":{"line":357,"column":27}},"4":{"start":{"line":358,"column":2},"end":{"line":358,"column":20}},"5":{"start":{"line":359,"column":2},"end":{"line":359,"column":24}},"6":{"start":{"line":360,"column":2},"end":{"line":360,"column":22}},"7":{"start":{"line":361,"column":2},"end":{"line":361,"column":27}},"8":{"start":{"line":362,"column":2},"end":{"line":362,"column":31}},"9":{"start":{"line":363,"column":2},"end":{"line":363,"column":15}},"10":{"start":{"line":11,"column":0},"end":{"line":11,"column":37}},"11":{"start":{"line":63,"column":39},"end":{"line":71,"column":2}},"12":{"start":{"line":364,"column":2},"end":{"line":364,"column":16}},"13":{"start":{"line":74,"column":16},"end":{"line":74,"column":20}},"14":{"start":{"line":80,"column":2},"end":{"line":91,"column":5}},"15":{"start":{"line":81,"column":4},"end":{"line":90,"column":7}},"16":{"start":{"line":82,"column":6},"end":{"line":89,"column":7}},"17":{"start":{"line":83,"column":8},"end":{"line":83,"column":68}},"18":{"start":{"line":84,"column":8},"end":{"line":84,"column":20}},"19":{"start":{"line":86,"column":8},"end":{"line":86,"column":18}},"20":{"start":{"line":87,"column":8},"end":{"line":87,"column":89}},"21":{"start":{"line":88,"column":8},"end":{"line":88,"column":20}},"22":{"start":{"line":98,"column":2},"end":{"line":111,"column":5}},"23":{"start":{"line":99,"column":4},"end":{"line":101,"column":5}},"24":{"start":{"line":100,"column":6},"end":{"line":100,"column":92}},"25":{"start":{"line":103,"column":4},"end":{"line":110,"column":7}},"26":{"start":{"line":104,"column":6},"end":{"line":109,"column":7}},"27":{"start":{"line":105,"column":8},"end":{"line":105,"column":54}},"28":{"start":{"line":106,"column":8},"end":{"line":106,"column":20}},"29":{"start":{"line":108,"column":8},"end":{"line":108,"column":27}},"30":{"start":{"line":118,"column":2},"end":{"line":151,"column":5}},"31":{"start":{"line":119,"column":4},"end":{"line":121,"column":5}},"32":{"start":{"line":120,"column":6},"end":{"line":120,"column":63}},"33":{"start":{"line":123,"column":16},"end":{"line":142,"column":6}},"34":{"start":{"line":144,"column":4},"end":{"line":150,"column":7}},"35":{"start":{"line":145,"column":6},"end":{"line":149,"column":7}},"36":{"start":{"line":146,"column":8},"end":{"line":146,"column":20}},"37":{"start":{"line":148,"column":8},"end":{"line":148,"column":64}},"38":{"start":{"line":159,"column":2},"end":{"line":171,"column":3}},"39":{"start":{"line":160,"column":16},"end":{"line":160,"column":96}},"40":{"start":{"line":161,"column":22},"end":{"line":161,"column":55}},"41":{"start":{"line":163,"column":4},"end":{"line":165,"column":5}},"42":{"start":{"line":164,"column":6},"end":{"line":164,"column":18}},"43":{"start":{"line":167,"column":4},"end":{"line":167,"column":24}},"44":{"start":{"line":169,"column":4},"end":{"line":169,"column":65}},"45":{"start":{"line":170,"column":4},"end":{"line":170,"column":15}},"46":{"start":{"line":178,"column":2},"end":{"line":186,"column":3}},"47":{"start":{"line":179,"column":16},"end":{"line":179,"column":77}},"48":{"start":{"line":180,"column":22},"end":{"line":180,"column":46}},"49":{"start":{"line":182,"column":4},"end":{"line":182,"column":27}},"50":{"start":{"line":184,"column":4},"end":{"line":184,"column":60}},"51":{"start":{"line":185,"column":4},"end":{"line":185,"column":15}},"52":{"start":{"line":196,"column":2},"end":{"line":239,"column":3}},"53":{"start":{"line":197,"column":67},"end":{"line":197,"column":72}},"54":{"start":{"line":200,"column":22},"end":{"line":200,"column":75}},"55":{"start":{"line":201,"column":25},"end":{"line":201,"column":55}},"56":{"start":{"line":202,"column":26},"end":{"line":202,"column":60}},"57":{"start":{"line":205,"column":24},"end":{"line":205,"column":61}},"58":{"start":{"line":208,"column":20},"end":{"line":208,"column":48}},"59":{"start":{"line":210,"column":26},"end":{"line":210,"column":77}},"60":{"start":{"line":212,"column":16},"end":{"line":216,"column":6}},"61":{"start":{"line":218,"column":4},"end":{"line":218,"column":233}},"62":{"start":{"line":220,"column":4},"end":{"line":228,"column":7}},"63":{"start":{"line":230,"column":4},"end":{"line":230,"column":79}},"64":{"start":{"line":232,"column":4},"end":{"line":235,"column":6}},"65":{"start":{"line":237,"column":4},"end":{"line":237,"column":64}},"66":{"start":{"line":238,"column":4},"end":{"line":238,"column":15}},"67":{"start":{"line":246,"column":2},"end":{"line":268,"column":3}},"68":{"start":{"line":247,"column":20},"end":{"line":247,"column":48}},"69":{"start":{"line":248,"column":4},"end":{"line":248,"column":164}},"70":{"start":{"line":250,"column":16},"end":{"line":255,"column":6}},"71":{"start":{"line":257,"column":22},"end":{"line":257,"column":77}},"72":{"start":{"line":258,"column":4},"end":{"line":258,"column":101}},"73":{"start":{"line":259,"column":4},"end":{"line":263,"column":5}},"74":{"start":{"line":260,"column":6},"end":{"line":262,"column":9}},"75":{"start":{"line":261,"column":8},"end":{"line":261,"column":74}},"76":{"start":{"line":264,"column":4},"end":{"line":264,"column":27}},"77":{"start":{"line":266,"column":4},"end":{"line":266,"column":62}},"78":{"start":{"line":267,"column":4},"end":{"line":267,"column":15}},"79":{"start":{"line":275,"column":2},"end":{"line":303,"column":3}},"80":{"start":{"line":276,"column":18},"end":{"line":276,"column":28}},"81":{"start":{"line":277,"column":27},"end":{"line":277,"column":69}},"82":{"start":{"line":278,"column":37},"end":{"line":278,"column":56}},"83":{"start":{"line":280,"column":20},"end":{"line":280,"column":56}},"84":{"start":{"line":281,"column":16},"end":{"line":286,"column":6}},"85":{"start":{"line":288,"column":22},"end":{"line":288,"column":77}},"86":{"start":{"line":290,"column":4},"end":{"line":292,"column":5}},"87":{"start":{"line":291,"column":6},"end":{"line":291,"column":19}},"88":{"start":{"line":294,"column":23},"end":{"line":294,"column":40}},"89":{"start":{"line":295,"column":39},"end":{"line":295,"column":72}},"90":{"start":{"line":296,"column":32},"end":{"line":296,"column":62}},"91":{"start":{"line":298,"column":22},"end":{"line":298,"column":58}},"92":{"start":{"line":299,"column":4},"end":{"line":299,"column":44}},"93":{"start":{"line":301,"column":4},"end":{"line":301,"column":64}},"94":{"start":{"line":302,"column":4},"end":{"line":302,"column":15}},"95":{"start":{"line":310,"column":2},"end":{"line":339,"column":3}},"96":{"start":{"line":311,"column":4},"end":{"line":311,"column":76}},"97":{"start":{"line":313,"column":24},"end":{"line":313,"column":25}},"98":{"start":{"line":314,"column":26},"end":{"line":314,"column":28}},"99":{"start":{"line":316,"column":4},"end":{"line":329,"column":5}},"100":{"start":{"line":317,"column":6},"end":{"line":328,"column":7}},"101":{"start":{"line":318,"column":8},"end":{"line":324,"column":11}},"102":{"start":{"line":325,"column":8},"end":{"line":325,"column":24}},"103":{"start":{"line":327,"column":8},"end":{"line":327,"column":63}},"104":{"start":{"line":331,"column":4},"end":{"line":335,"column":6}},"105":{"start":{"line":337,"column":4},"end":{"line":337,"column":61}},"106":{"start":{"line":338,"column":4},"end":{"line":338,"column":15}},"107":{"start":{"line":346,"column":2},"end":{"line":350,"column":3}},"108":{"start":{"line":347,"column":4},"end":{"line":347,"column":18}},"109":{"start":{"line":348,"column":4},"end":{"line":348,"column":16}},"110":{"start":{"line":349,"column":4},"end":{"line":349,"column":44}}},"fnMap":{"0":{"name":"inicializarConexao","decl":{"start":{"line":79,"column":9},"end":{"line":79,"column":27}},"loc":{"start":{"line":79,"column":27},"end":{"line":92,"column":1}}},"1":{"name":"(anonymous_2)","decl":{"start":{"line":80,"column":21},"end":{"line":80,"column":22}},"loc":{"start":{"line":80,"column":41},"end":{"line":91,"column":3}}},"2":{"name":"(anonymous_3)","decl":{"start":{"line":81,"column":36},"end":{"line":81,"column":37}},"loc":{"start":{"line":81,"column":67},"end":{"line":90,"column":5}}},"3":{"name":"executarQuery","decl":{"start":{"line":97,"column":9},"end":{"line":97,"column":22}},"loc":{"start":{"line":97,"column":54},"end":{"line":112,"column":1}}},"4":{"name":"(anonymous_5)","decl":{"start":{"line":98,"column":21},"end":{"line":98,"column":22}},"loc":{"start":{"line":98,"column":41},"end":{"line":111,"column":3}}},"5":{"name":"(anonymous_6)","decl":{"start":{"line":103,"column":28},"end":{"line":103,"column":29}},"loc":{"start":{"line":103,"column":66},"end":{"line":110,"column":5}}},"6":{"name":"obterDadosFuncionario","decl":{"start":{"line":117,"column":9},"end":{"line":117,"column":30}},"loc":{"start":{"line":117,"column":54},"end":{"line":152,"column":1}}},"7":{"name":"(anonymous_8)","decl":{"start":{"line":118,"column":21},"end":{"line":118,"column":22}},"loc":{"start":{"line":118,"column":41},"end":{"line":151,"column":3}}},"8":{"name":"(anonymous_9)","decl":{"start":{"line":144,"column":30},"end":{"line":144,"column":31}},"loc":{"start":{"line":144,"column":67},"end":{"line":150,"column":5}}},"9":{"name":"buscarFuncionarioPorSenha","decl":{"start":{"line":158,"column":15},"end":{"line":158,"column":40}},"loc":{"start":{"line":158,"column":54},"end":{"line":172,"column":1}}},"10":{"name":"obterTiposMarcacao","decl":{"start":{"line":177,"column":15},"end":{"line":177,"column":33}},"loc":{"start":{"line":177,"column":33},"end":{"line":187,"column":1}}},"11":{"name":"registrarPontoFirebird","decl":{"start":{"line":195,"column":15},"end":{"line":195,"column":37}},"loc":{"start":{"line":195,"column":55},"end":{"line":240,"column":1}}},"12":{"name":"obterHistoricoPontos","decl":{"start":{"line":245,"column":15},"end":{"line":245,"column":35}},"loc":{"start":{"line":245,"column":76},"end":{"line":269,"column":1}}},"13":{"name":"(anonymous_14)","decl":{"start":{"line":260,"column":24},"end":{"line":260,"column":25}},"loc":{"start":{"line":260,"column":46},"end":{"line":262,"column":7}}},"14":{"name":"verificarDuplicataRecente","decl":{"start":{"line":274,"column":15},"end":{"line":274,"column":40}},"loc":{"start":{"line":274,"column":89},"end":{"line":304,"column":1}}},"15":{"name":"sincronizarRegistrosPendentes","decl":{"start":{"line":309,"column":15},"end":{"line":309,"column":44}},"loc":{"start":{"line":309,"column":71},"end":{"line":340,"column":1}}},"16":{"name":"fecharConexao","decl":{"start":{"line":345,"column":9},"end":{"line":345,"column":22}},"loc":{"start":{"line":345,"column":22},"end":{"line":351,"column":1}}}},"branchMap":{"0":{"loc":{"start":{"line":64,"column":8},"end":{"line":64,"column":48}},"type":"binary-expr","locations":[{"start":{"line":64,"column":8},"end":{"line":64,"column":33}},{"start":{"line":64,"column":37},"end":{"line":64,"column":48}}]},"1":{"loc":{"start":{"line":65,"column":17},"end":{"line":65,"column":52}},"type":"binary-expr","locations":[{"start":{"line":65,"column":17},"end":{"line":65,"column":42}},{"start":{"line":65,"column":46},"end":{"line":65,"column":52}}]},"2":{"loc":{"start":{"line":66,"column":12},"end":{"line":66,"column":72}},"type":"binary-expr","locations":[{"start":{"line":66,"column":12},"end":{"line":66,"column":41}},{"start":{"line":66,"column":45},"end":{"line":66,"column":72}}]},"3":{"loc":{"start":{"line":67,"column":8},"end":{"line":67,"column":45}},"type":"binary-expr","locations":[{"start":{"line":67,"column":8},"end":{"line":67,"column":33}},{"start":{"line":67,"column":37},"end":{"line":67,"column":45}}]},"4":{"loc":{"start":{"line":68,"column":12},"end":{"line":68,"column":56}},"type":"binary-expr","locations":[{"start":{"line":68,"column":12},"end":{"line":68,"column":41}},{"start":{"line":68,"column":45},"end":{"line":68,"column":56}}]},"5":{"loc":{"start":{"line":82,"column":6},"end":{"line":89,"column":7}},"type":"if","locations":[{"start":{"line":82,"column":6},"end":{"line":89,"column":7}},{"start":{"line":85,"column":13},"end":{"line":89,"column":7}}]},"6":{"loc":{"start":{"line":97,"column":36},"end":{"line":97,"column":54}},"type":"default-arg","locations":[{"start":{"line":97,"column":52},"end":{"line":97,"column":54}}]},"7":{"loc":{"start":{"line":99,"column":4},"end":{"line":101,"column":5}},"type":"if","locations":[{"start":{"line":99,"column":4},"end":{"line":101,"column":5}}]},"8":{"loc":{"start":{"line":104,"column":6},"end":{"line":109,"column":7}},"type":"if","locations":[{"start":{"line":104,"column":6},"end":{"line":109,"column":7}},{"start":{"line":107,"column":13},"end":{"line":109,"column":7}}]},"9":{"loc":{"start":{"line":119,"column":4},"end":{"line":121,"column":5}},"type":"if","locations":[{"start":{"line":119,"column":4},"end":{"line":121,"column":5}}]},"10":{"loc":{"start":{"line":145,"column":6},"end":{"line":149,"column":7}},"type":"if","locations":[{"start":{"line":145,"column":6},"end":{"line":149,"column":7}},{"start":{"line":147,"column":13},"end":{"line":149,"column":7}}]},"11":{"loc":{"start":{"line":148,"column":16},"end":{"line":148,"column":62}},"type":"cond-expr","locations":[{"start":{"line":148,"column":46},"end":{"line":148,"column":55}},{"start":{"line":148,"column":58},"end":{"line":148,"column":62}}]},"12":{"loc":{"start":{"line":148,"column":16},"end":{"line":148,"column":43}},"type":"binary-expr","locations":[{"start":{"line":148,"column":16},"end":{"line":148,"column":22}},{"start":{"line":148,"column":26},"end":{"line":148,"column":43}}]},"13":{"loc":{"start":{"line":163,"column":4},"end":{"line":165,"column":5}},"type":"if","locations":[{"start":{"line":163,"column":4},"end":{"line":165,"column":5}}]},"14":{"loc":{"start":{"line":163,"column":8},"end":{"line":163,"column":44}},"type":"binary-expr","locations":[{"start":{"line":163,"column":8},"end":{"line":163,"column":18}},{"start":{"line":163,"column":22},"end":{"line":163,"column":44}}]},"15":{"loc":{"start":{"line":182,"column":11},"end":{"line":182,"column":26}},"type":"binary-expr","locations":[{"start":{"line":182,"column":11},"end":{"line":182,"column":20}},{"start":{"line":182,"column":24},"end":{"line":182,"column":26}}]},"16":{"loc":{"start":{"line":202,"column":27},"end":{"line":202,"column":55}},"type":"binary-expr","locations":[{"start":{"line":202,"column":27},"end":{"line":202,"column":50}},{"start":{"line":202,"column":54},"end":{"line":202,"column":55}}]},"17":{"loc":{"start":{"line":210,"column":26},"end":{"line":210,"column":77}},"type":"cond-expr","locations":[{"start":{"line":210,"column":60},"end":{"line":210,"column":70}},{"start":{"line":210,"column":73},"end":{"line":210,"column":77}}]},"18":{"loc":{"start":{"line":210,"column":26},"end":{"line":210,"column":57}},"type":"binary-expr","locations":[{"start":{"line":210,"column":26},"end":{"line":210,"column":36}},{"start":{"line":210,"column":40},"end":{"line":210,"column":57}}]},"19":{"loc":{"start":{"line":218,"column":175},"end":{"line":218,"column":229}},"type":"cond-expr","locations":[{"start":{"line":218,"column":200},"end":{"line":218,"column":206}},{"start":{"line":218,"column":209},"end":{"line":218,"column":229}}]},"20":{"loc":{"start":{"line":258,"column":53},"end":{"line":258,"column":75}},"type":"binary-expr","locations":[{"start":{"line":258,"column":53},"end":{"line":258,"column":70}},{"start":{"line":258,"column":74},"end":{"line":258,"column":75}}]},"21":{"loc":{"start":{"line":259,"column":4},"end":{"line":263,"column":5}},"type":"if","locations":[{"start":{"line":259,"column":4},"end":{"line":263,"column":5}}]},"22":{"loc":{"start":{"line":259,"column":8},"end":{"line":259,"column":41}},"type":"binary-expr","locations":[{"start":{"line":259,"column":8},"end":{"line":259,"column":17}},{"start":{"line":259,"column":21},"end":{"line":259,"column":41}}]},"23":{"loc":{"start":{"line":264,"column":11},"end":{"line":264,"column":26}},"type":"binary-expr","locations":[{"start":{"line":264,"column":11},"end":{"line":264,"column":20}},{"start":{"line":264,"column":24},"end":{"line":264,"column":26}}]},"24":{"loc":{"start":{"line":290,"column":4},"end":{"line":292,"column":5}},"type":"if","locations":[{"start":{"line":290,"column":4},"end":{"line":292,"column":5}}]},"25":{"loc":{"start":{"line":290,"column":8},"end":{"line":290,"column":44}},"type":"binary-expr","locations":[{"start":{"line":290,"column":8},"end":{"line":290,"column":18}},{"start":{"line":290,"column":22},"end":{"line":290,"column":44}}]},"26":{"loc":{"start":{"line":299,"column":11},"end":{"line":299,"column":43}},"type":"binary-expr","locations":[{"start":{"line":299,"column":11},"end":{"line":299,"column":25}},{"start":{"line":299,"column":29},"end":{"line":299,"column":43}}]},"27":{"loc":{"start":{"line":346,"column":2},"end":{"line":350,"column":3}},"type":"if","locations":[{"start":{"line":346,"column":2},"end":{"line":350,"column":3}}]}},"s":{"0":2,"1":2,"2":2,"3":2,"4":2,"5":2,"6":2,"7":2,"8":2,"9":2,"10":2,"11":2,"12":2,"13":2,"14":0,"15":0,"16":0,"17":0,"18":0,"19":0,"20":0,"21":0,"22":0,"23":0,"24":0,"25":0,"26":0,"27":0,"28":0,"29":0,"30":0,"31":0,"32":0,"33":0,"34":0,"35":0,"36":0,"37":0,"38":0,"39":0,"40":0,"41":0,"42":0,"43":0,"44":0,"45":0,"46":0,"47":0,"48":0,"49":0,"50":0,"51":0,"52":0,"53":0,"54":0,"55":0,"56":0,"57":0,"58":0,"59":0,"60":0,"61":0,"62":0,"63":0,"64":0,"65":0,"66":0,"67":0,"68":0,"69":0,"70":0,"71":0,"72":0,"73":0,"74":0,"75":0,"76":0,"77":0,"78":0,"79":0,"80":0,"81":0,"82":0,"83":0,"84":0,"85":0,"86":0,"87":0,"88":0,"89":0,"90":0,"91":0,"92":0,"93":0,"94":0,"95":0,"96":0,"97":0,"98":0,"99":0,"100":0,"101":0,"102":0,"103":0,"104":0,"105":0,"106":0,"107":0,"108":0,"109":0,"110":0},"f":{"0":0,"1":0,"2":0,"3":0,"4":0,"5":0,"6":0,"7":0,"8":0,"9":0,"10":0,"11":0,"12":0,"13":0,"14":0,"15":0,"16":0},"b":{"0":[2,2],"1":[2,2],"2":[2,2],"3":[2,2],"4":[2,2],"5":[0,0],"6":[0],"7":[0],"8":[0,0],"9":[0],"10":[0,0],"11":[0,0],"12":[0,0],"13":[0],"14":[0,0],"15":[0,0],"16":[0,0],"17":[0,0],"18":[0,0],"19":[0,0],"20":[0,0],"21":[0],"22":[0,0],"23":[0,0],"24":[0],"25":[0,0],"26":[0,0],"27":[0]}}
,"C:\\ProjetosNode\\APK\\BackEnd\\src\\middleware\\autenticacao.ts": {"path":"C:\\ProjetosNode\\APK\\BackEnd\\src\\middleware\\autenticacao.ts","statementMap":{"0":{"start":{"line":12,"column":9},"end":{"line":12,"column":19}},"1":{"start":{"line":9,"column":2},"end":{"line":9,"column":9}}},"fnMap":{"0":{"name":"autenticar","decl":{"start":{"line":8,"column":9},"end":{"line":8,"column":19}},"loc":{"start":{"line":8,"column":71},"end":{"line":10,"column":1}}}},"branchMap":{},"s":{"0":0,"1":0},"f":{"0":0},"b":{}}
,"C:\\ProjetosNode\\APK\\BackEnd\\src\\routes\\authRoutes.ts": {"path":"C:\\ProjetosNode\\APK\\BackEnd\\src\\routes\\authRoutes.ts","statementMap":{"0":{"start":{"line":1,"column":0},"end":{"line":1,"column":42}},"1":{"start":{"line":2,"column":0},"end":{"line":2,"column":61}},"2":{"start":{"line":4,"column":23},"end":{"line":4,"column":39}},"3":{"start":{"line":80,"column":0},"end":{"line":80,"column":36}},"4":{"start":{"line":82,"column":0},"end":{"line":82,"column":22}}},"fnMap":{},"branchMap":{},"s":{"0":0,"1":0,"2":0,"3":0,"4":0},"f":{},"b":{}}
,"C:\\ProjetosNode\\APK\\BackEnd\\src\\routes\\pontoRoutes.ts": {"path":"C:\\ProjetosNode\\APK\\BackEnd\\src\\routes\\pontoRoutes.ts","statementMap":{"0":{"start":{"line":1,"column":0},"end":{"line":1,"column":42}},"1":{"start":{"line":2,"column":0},"end":{"line":2,"column":118}},"2":{"start":{"line":4,"column":23},"end":{"line":4,"column":39}},"3":{"start":{"line":36,"column":0},"end":{"line":36,"column":41}},"4":{"start":{"line":85,"column":0},"end":{"line":85,"column":42}},"5":{"start":{"line":118,"column":0},"end":{"line":118,"column":61}},"6":{"start":{"line":161,"column":0},"end":{"line":161,"column":66}},"7":{"start":{"line":163,"column":0},"end":{"line":163,"column":22}}},"fnMap":{},"branchMap":{},"s":{"0":0,"1":0,"2":0,"3":0,"4":0,"5":0,"6":0,"7":0},"f":{},"b":{}}
,"C:\\ProjetosNode\\APK\\BackEnd\\src\\routes\\syncRoutes.ts": {"path":"C:\\ProjetosNode\\APK\\BackEnd\\src\\routes\\syncRoutes.ts","statementMap":{"0":{"start":{"line":1,"column":0},"end":{"line":1,"column":61}},"1":{"start":{"line":2,"column":0},"end":{"line":2,"column":55}},"2":{"start":{"line":4,"column":23},"end":{"line":4,"column":39}},"3":{"start":{"line":39,"column":0},"end":{"line":53,"column":3}},"4":{"start":{"line":40,"column":2},"end":{"line":52,"column":3}},"5":{"start":{"line":41,"column":19},"end":{"line":41,"column":54}},"6":{"start":{"line":42,"column":4},"end":{"line":45,"column":7}},"7":{"start":{"line":47,"column":4},"end":{"line":51,"column":7}},"8":{"start":{"line":100,"column":0},"end":{"line":111,"column":3}},"9":{"start":{"line":101,"column":2},"end":{"line":110,"column":3}},"10":{"start":{"line":102,"column":22},"end":{"line":102,"column":62}},"11":{"start":{"line":103,"column":4},"end":{"line":103,"column":24}},"12":{"start":{"line":105,"column":4},"end":{"line":109,"column":7}},"13":{"start":{"line":113,"column":0},"end":{"line":113,"column":22}}},"fnMap":{"0":{"name":"(anonymous_10)","decl":{"start":{"line":39,"column":22},"end":{"line":39,"column":27}},"loc":{"start":{"line":39,"column":74},"end":{"line":53,"column":1}}},"1":{"name":"(anonymous_11)","decl":{"start":{"line":100,"column":28},"end":{"line":100,"column":33}},"loc":{"start":{"line":100,"column":80},"end":{"line":111,"column":1}}}},"branchMap":{},"s":{"0":0,"1":0,"2":0,"3":0,"4":0,"5":0,"6":0,"7":0,"8":0,"9":0,"10":0,"11":0,"12":0,"13":0},"f":{"0":0,"1":0},"b":{}}
,"C:\\ProjetosNode\\APK\\BackEnd\\src\\services\\syncService.ts": {"path":"C:\\ProjetosNode\\APK\\BackEnd\\src\\services\\syncService.ts","statementMap":{"0":{"start":{"line":125,"column":2},"end":{"line":125,"column":22}},"1":{"start":{"line":126,"column":2},"end":{"line":126,"column":19}},"2":{"start":{"line":127,"column":2},"end":{"line":127,"column":17}},"3":{"start":{"line":3,"column":0},"end":{"line":3,"column":37}},"4":{"start":{"line":101,"column":2},"end":{"line":101,"column":82}},"5":{"start":{"line":102,"column":2},"end":{"line":102,"column":55}},"6":{"start":{"line":107,"column":2},"end":{"line":110,"column":5}},"7":{"start":{"line":108,"column":4},"end":{"line":108,"column":114}},"8":{"start":{"line":109,"column":4},"end":{"line":109,"column":14}},"9":{"start":{"line":115,"column":2},"end":{"line":121,"column":5}},"10":{"start":{"line":116,"column":4},"end":{"line":116,"column":86}},"11":{"start":{"line":117,"column":4},"end":{"line":120,"column":7}}},"fnMap":{"0":{"name":"sincronizarPendentes","decl":{"start":{"line":100,"column":15},"end":{"line":100,"column":35}},"loc":{"start":{"line":100,"column":35},"end":{"line":103,"column":1}}},"1":{"name":"registrarAcaoSync","decl":{"start":{"line":106,"column":9},"end":{"line":106,"column":26}},"loc":{"start":{"line":106,"column":75},"end":{"line":111,"column":1}}},"2":{"name":"(anonymous_3)","decl":{"start":{"line":107,"column":21},"end":{"line":107,"column":22}},"loc":{"start":{"line":107,"column":33},"end":{"line":110,"column":3}}},"3":{"name":"obterStatusSync","decl":{"start":{"line":114,"column":9},"end":{"line":114,"column":24}},"loc":{"start":{"line":114,"column":24},"end":{"line":122,"column":1}}},"4":{"name":"(anonymous_5)","decl":{"start":{"line":115,"column":21},"end":{"line":115,"column":22}},"loc":{"start":{"line":115,"column":33},"end":{"line":121,"column":3}}}},"branchMap":{},"s":{"0":0,"1":0,"2":0,"3":0,"4":0,"5":0,"6":0,"7":0,"8":0,"9":0,"10":0,"11":0},"f":{"0":0,"1":0,"2":0,"3":0,"4":0},"b":{}}
,"C:\\ProjetosNode\\APK\\BackEnd\\src\\swagger\\swaggerConfig.ts": {"path":"C:\\ProjetosNode\\APK\\BackEnd\\src\\swagger\\swaggerConfig.ts","statementMap":{"0":{"start":{"line":1,"column":0},"end":{"line":1,"column":41}},"1":{"start":{"line":3,"column":16},"end":{"line":109,"column":2}},"2":{"start":{"line":111,"column":14},"end":{"line":111,"column":35}},"3":{"start":{"line":113,"column":0},"end":{"line":113,"column":21}}},"fnMap":{},"branchMap":{},"s":{"0":0,"1":0,"2":0,"3":0},"f":{},"b":{}}
}
