TN:
SF:src\controllers\authController.ts
FN:7,validarSenha
FN:47,(anonymous_11)
FNF:2
FNH:0
FNDA:0,validarSenha
FNDA:0,(anonymous_11)
DA:2,0
DA:3,0
DA:4,0
DA:8,0
DA:10,0
DA:12,0
DA:13,0
DA:14,0
DA:20,0
DA:21,0
DA:22,0
DA:28,0
DA:30,0
DA:32,0
DA:33,0
DA:34,0
DA:40,0
DA:43,0
DA:48,0
DA:49,0
DA:54,0
DA:64,0
DA:65,0
DA:73,0
LF:24
LH:0
BRDA:12,0,0,0
BRDA:20,1,0,0
BRDA:32,2,0,0
BRDA:48,3,0,0
BRF:4
BRH:0
end_of_record
TN:
SF:src\controllers\pontoController.ts
FN:7,verificarDuplicataRecente
FN:17,calcularAtraso
FN:23,(anonymous_12)
FN:73,(anonymous_13)
FN:153,converterHoraParaMinutos
FN:159,determinarProxTipoMarcacao
FN:204,obterTiposMarcacao
FN:224,registrarPonto
FN:306,obterProximoTipo
FN:322,(anonymous_19)
FN:363,obterHistorico
FNF:11
FNH:7
FNDA:1,verificarDuplicataRecente
FNDA:0,calcularAtraso
FNDA:0,(anonymous_12)
FNDA:0,(anonymous_13)
FNDA:0,converterHoraParaMinutos
FNDA:3,determinarProxTipoMarcacao
FNDA:2,obterTiposMarcacao
FNDA:2,registrarPonto
FNDA:5,obterProximoTipo
FNDA:7,(anonymous_19)
FNDA:2,obterHistorico
DA:3,1
DA:4,1
DA:8,1
DA:9,1
DA:11,0
DA:12,0
DA:23,0
DA:24,0
DA:26,0
DA:28,0
DA:29,0
DA:30,0
DA:33,0
DA:34,0
DA:35,0
DA:38,0
DA:39,0
DA:40,0
DA:42,0
DA:44,0
DA:45,0
DA:47,0
DA:50,0
DA:53,0
DA:54,0
DA:55,0
DA:58,0
DA:59,0
DA:65,0
DA:66,0
DA:68,0
DA:70,0
DA:73,0
DA:75,0
DA:76,0
DA:77,0
DA:80,0
DA:81,0
DA:82,0
DA:83,0
DA:85,0
DA:86,0
DA:87,0
DA:88,0
DA:89,0
DA:90,0
DA:92,0
DA:93,0
DA:96,0
DA:98,0
DA:99,0
DA:100,0
DA:101,0
DA:104,0
DA:107,0
DA:112,0
DA:114,0
DA:115,0
DA:116,0
DA:119,0
DA:120,0
DA:121,0
DA:122,0
DA:123,0
DA:124,0
DA:126,0
DA:129,0
DA:132,0
DA:135,0
DA:140,0
DA:144,0
DA:146,0
DA:147,0
DA:154,0
DA:155,0
DA:160,3
DA:161,3
DA:163,3
DA:166,3
DA:167,1
DA:168,1
DA:171,2
DA:172,2
DA:173,2
DA:176,2
DA:177,0
DA:181,0
DA:182,0
DA:183,0
DA:187,2
DA:194,2
DA:195,2
DA:196,2
DA:198,0
DA:199,0
DA:205,2
DA:206,2
DA:207,2
DA:208,2
DA:209,2
DA:214,0
DA:215,0
DA:225,2
DA:227,2
DA:228,1
DA:234,1
DA:236,1
DA:237,1
DA:238,1
DA:242,1
DA:243,1
DA:244,1
DA:252,0
DA:253,0
DA:255,0
DA:258,0
DA:266,0
DA:267,0
DA:275,0
DA:276,0
DA:277,0
DA:279,0
DA:287,0
DA:289,0
DA:296,0
DA:297,0
DA:307,5
DA:308,5
DA:310,5
DA:311,1
DA:317,4
DA:318,4
DA:319,4
DA:322,7
DA:323,4
DA:327,4
DA:331,4
DA:332,1
DA:340,3
DA:342,3
DA:354,0
DA:364,2
DA:365,2
DA:367,2
DA:368,1
DA:374,1
DA:375,1
DA:376,1
DA:378,1
DA:383,0
DA:392,1
DA:393,1
DA:394,1
DA:395,1
LF:154
LH:59
BRDA:28,0,0,0
BRDA:38,1,0,0
BRDA:38,1,1,0
BRDA:42,2,0,0
BRDA:42,2,1,0
BRDA:45,3,0,0
BRDA:45,3,1,0
BRDA:53,4,0,0
BRDA:58,5,0,0
BRDA:65,6,0,0
BRDA:65,6,1,0
BRDA:70,7,0,0
BRDA:70,7,1,0
BRDA:75,8,0,0
BRDA:75,8,1,0
BRDA:76,9,0,0
BRDA:80,10,0,0
BRDA:80,10,1,0
BRDA:85,11,0,0
BRDA:85,11,1,0
BRDA:88,12,0,0
BRDA:88,12,1,0
BRDA:98,13,0,0
BRDA:98,13,1,0
BRDA:98,14,0,0
BRDA:98,14,1,0
BRDA:119,15,0,0
BRDA:119,15,1,0
BRDA:122,16,0,0
BRDA:122,16,1,0
BRDA:140,17,0,0
BRDA:163,18,0,3
BRDA:163,18,1,1
BRDA:166,19,0,1
BRDA:166,20,0,3
BRDA:166,20,1,3
BRDA:176,21,0,0
BRDA:181,22,0,0
BRDA:181,22,1,0
BRDA:194,23,0,2
BRDA:194,23,1,0
BRDA:211,24,0,2
BRDA:211,24,1,0
BRDA:227,25,0,1
BRDA:243,26,0,1
BRDA:284,27,0,0
BRDA:284,27,1,0
BRDA:310,28,0,1
BRDA:318,29,0,4
BRDA:318,29,1,1
BRDA:327,30,0,0
BRDA:327,30,1,4
BRDA:328,31,0,0
BRDA:328,31,1,0
BRDA:329,32,0,4
BRDA:329,32,1,3
BRDA:329,32,2,2
BRDA:329,32,3,1
BRDA:331,33,0,1
BRDA:346,34,0,3
BRDA:346,34,1,0
BRDA:367,35,0,1
BRDA:375,36,0,1
BRDA:375,36,1,0
BRDA:380,37,0,1
BRDA:380,37,1,0
BRF:66
BRH:22
end_of_record
TN:
SF:src\database\db.ts
FN:10,(anonymous_1)
FN:19,initialize
FN:20,(anonymous_3)
FN:67,(anonymous_4)
FNF:4
FNH:0
FNDA:0,(anonymous_1)
FNDA:0,initialize
FNDA:0,(anonymous_3)
FNDA:0,(anonymous_4)
DA:1,0
DA:2,0
DA:8,0
DA:10,0
DA:11,0
DA:12,0
DA:14,0
DA:20,0
DA:22,0
DA:33,0
DA:41,0
DA:57,0
DA:68,0
DA:69,0
DA:75,0
LF:15
LH:0
BRDA:11,0,0,0
BRDA:11,0,1,0
BRDA:68,1,0,0
BRF:3
BRH:0
end_of_record
TN:
SF:src\database\firebird.ts
FN:79,inicializarConexao
FN:80,(anonymous_2)
FN:81,(anonymous_3)
FN:97,executarQuery
FN:98,(anonymous_5)
FN:103,(anonymous_6)
FN:117,obterDadosFuncionario
FN:118,(anonymous_8)
FN:144,(anonymous_9)
FN:158,buscarFuncionarioPorSenha
FN:177,obterTiposMarcacao
FN:195,registrarPontoFirebird
FN:245,obterHistoricoPontos
FN:260,(anonymous_14)
FN:274,verificarDuplicataRecente
FN:309,sincronizarRegistrosPendentes
FN:345,fecharConexao
FNF:17
FNH:0
FNDA:0,inicializarConexao
FNDA:0,(anonymous_2)
FNDA:0,(anonymous_3)
FNDA:0,executarQuery
FNDA:0,(anonymous_5)
FNDA:0,(anonymous_6)
FNDA:0,obterDadosFuncionario
FNDA:0,(anonymous_8)
FNDA:0,(anonymous_9)
FNDA:0,buscarFuncionarioPorSenha
FNDA:0,obterTiposMarcacao
FNDA:0,registrarPontoFirebird
FNDA:0,obterHistoricoPontos
FNDA:0,(anonymous_14)
FNDA:0,verificarDuplicataRecente
FNDA:0,sincronizarRegistrosPendentes
FNDA:0,fecharConexao
DA:11,2
DA:63,2
DA:74,2
DA:80,0
DA:81,0
DA:82,0
DA:83,0
DA:84,0
DA:86,0
DA:87,0
DA:88,0
DA:98,0
DA:99,0
DA:100,0
DA:103,0
DA:104,0
DA:105,0
DA:106,0
DA:108,0
DA:118,0
DA:119,0
DA:120,0
DA:123,0
DA:144,0
DA:145,0
DA:146,0
DA:148,0
DA:159,0
DA:160,0
DA:161,0
DA:163,0
DA:164,0
DA:167,0
DA:169,0
DA:170,0
DA:178,0
DA:179,0
DA:180,0
DA:182,0
DA:184,0
DA:185,0
DA:196,0
DA:197,0
DA:200,0
DA:201,0
DA:202,0
DA:205,0
DA:208,0
DA:210,0
DA:212,0
DA:218,0
DA:220,0
DA:230,0
DA:232,0
DA:237,0
DA:238,0
DA:246,0
DA:247,0
DA:248,0
DA:250,0
DA:257,0
DA:258,0
DA:259,0
DA:260,0
DA:261,0
DA:264,0
DA:266,0
DA:267,0
DA:275,0
DA:276,0
DA:277,0
DA:278,0
DA:280,0
DA:281,0
DA:288,0
DA:290,0
DA:291,0
DA:294,0
DA:295,0
DA:296,0
DA:298,0
DA:299,0
DA:301,0
DA:302,0
DA:310,0
DA:311,0
DA:313,0
DA:314,0
DA:316,0
DA:317,0
DA:318,0
DA:325,0
DA:327,0
DA:331,0
DA:337,0
DA:338,0
DA:346,0
DA:347,0
DA:348,0
DA:349,0
DA:354,2
DA:355,2
DA:356,2
DA:357,2
DA:358,2
DA:359,2
DA:360,2
DA:361,2
DA:362,2
DA:363,2
DA:364,2
LF:111
LH:14
BRDA:64,0,0,2
BRDA:64,0,1,2
BRDA:65,1,0,2
BRDA:65,1,1,2
BRDA:66,2,0,2
BRDA:66,2,1,2
BRDA:67,3,0,2
BRDA:67,3,1,2
BRDA:68,4,0,2
BRDA:68,4,1,2
BRDA:82,5,0,0
BRDA:82,5,1,0
BRDA:97,6,0,0
BRDA:99,7,0,0
BRDA:104,8,0,0
BRDA:104,8,1,0
BRDA:119,9,0,0
BRDA:145,10,0,0
BRDA:145,10,1,0
BRDA:148,11,0,0
BRDA:148,11,1,0
BRDA:148,12,0,0
BRDA:148,12,1,0
BRDA:163,13,0,0
BRDA:163,14,0,0
BRDA:163,14,1,0
BRDA:182,15,0,0
BRDA:182,15,1,0
BRDA:202,16,0,0
BRDA:202,16,1,0
BRDA:210,17,0,0
BRDA:210,17,1,0
BRDA:210,18,0,0
BRDA:210,18,1,0
BRDA:218,19,0,0
BRDA:218,19,1,0
BRDA:258,20,0,0
BRDA:258,20,1,0
BRDA:259,21,0,0
BRDA:259,22,0,0
BRDA:259,22,1,0
BRDA:264,23,0,0
BRDA:264,23,1,0
BRDA:290,24,0,0
BRDA:290,25,0,0
BRDA:290,25,1,0
BRDA:299,26,0,0
BRDA:299,26,1,0
BRDA:346,27,0,0
BRF:49
BRH:10
end_of_record
TN:
SF:src\middleware\autenticacao.ts
FN:8,autenticar
FNF:1
FNH:0
FNDA:0,autenticar
DA:9,0
DA:12,0
LF:2
LH:0
BRF:0
BRH:0
end_of_record
TN:
SF:src\routes\authRoutes.ts
FNF:0
FNH:0
DA:1,0
DA:2,0
DA:4,0
DA:80,0
DA:82,0
LF:5
LH:0
BRF:0
BRH:0
end_of_record
TN:
SF:src\routes\pontoRoutes.ts
FNF:0
FNH:0
DA:1,0
DA:2,0
DA:4,0
DA:36,0
DA:85,0
DA:118,0
DA:161,0
DA:163,0
LF:8
LH:0
BRF:0
BRH:0
end_of_record
TN:
SF:src\routes\syncRoutes.ts
FN:39,(anonymous_10)
FN:100,(anonymous_11)
FNF:2
FNH:0
FNDA:0,(anonymous_10)
FNDA:0,(anonymous_11)
DA:1,0
DA:2,0
DA:4,0
DA:39,0
DA:40,0
DA:41,0
DA:42,0
DA:47,0
DA:100,0
DA:101,0
DA:102,0
DA:103,0
DA:105,0
DA:113,0
LF:14
LH:0
BRF:0
BRH:0
end_of_record
TN:
SF:src\services\syncService.ts
FN:100,sincronizarPendentes
FN:106,registrarAcaoSync
FN:107,(anonymous_3)
FN:114,obterStatusSync
FN:115,(anonymous_5)
FNF:5
FNH:0
FNDA:0,sincronizarPendentes
FNDA:0,registrarAcaoSync
FNDA:0,(anonymous_3)
FNDA:0,obterStatusSync
FNDA:0,(anonymous_5)
DA:3,0
DA:101,0
DA:102,0
DA:107,0
DA:108,0
DA:109,0
DA:115,0
DA:116,0
DA:117,0
DA:125,0
DA:126,0
DA:127,0
LF:12
LH:0
BRF:0
BRH:0
end_of_record
TN:
SF:src\swagger\swaggerConfig.ts
FNF:0
FNH:0
DA:1,0
DA:3,0
DA:111,0
DA:113,0
LF:4
LH:0
BRF:0
BRH:0
end_of_record
